<?xml version="1.0" encoding="UTF-8"?>
<testsuite name="com.mwl.docs.services.AlfrescoHelperTest" time="25.195" tests="3" errors="0" skipped="2" failures="0">
  <properties>
[...]
</properties>
  <testcase name="createChildGroup" classname="com.mwl.docs.services.AlfrescoHelperTest" time="0">
    <skipped/>
    <system-out><![CDATA[01:11:15.573 [main] DEBUG o.s.t.c.j.SpringJUnit4ClassRunner - SpringJUnit4ClassRunner constructor called with [class com.mwl.docs.services.AlfrescoHelperTest].
01:11:15.716 [main] DEBUG o.s.test.context.BootstrapUtils - Instantiating TestContextBootstrapper from class [org.springframework.test.context.web.WebTestContextBootstrapper]
01:11:15.929 [main] DEBUG o.s.t.c.w.WebTestContextBootstrapper - Found explicit ContextLoader class [org.springframework.test.context.web.AnnotationConfigWebContextLoader] for context configuration attributes [ContextConfigurationAttributes@1063c0a declaringClass = 'com.mwl.docs.services.AlfrescoHelperTest', classes = '{}', locations = '{}', inheritLocations = true, initializers = '{}', inheritInitializers = true, name = [null], contextLoaderClass = 'org.springframework.test.context.web.AnnotationConfigWebContextLoader']
01:11:16.027 [main] DEBUG o.s.t.c.support.ActiveProfilesUtils - Could not find an 'annotation declaring class' for annotation type [org.springframework.test.context.ActiveProfiles] and class [com.mwl.docs.services.AlfrescoHelperTest]
01:11:16.258 [main] INFO  o.s.t.c.w.WebTestContextBootstrapper - Using TestExecutionListeners: [org.springframework.test.context.web.ServletTestExecutionListener@16e852b, org.springframework.test.context.support.DependencyInjectionTestExecutionListener@d2fa64, org.springframework.test.context.support.DirtiesContextTestExecutionListener@18d30f7, org.springframework.test.context.transaction.TransactionalTestExecutionListener@57cd70, org.springframework.test.context.jdbc.SqlScriptsTestExecutionListener@1a7504c]
01:11:16.261 [main] DEBUG o.s.t.annotation.ProfileValueUtils - Retrieved @ProfileValueSourceConfiguration [null] for test class [com.mwl.docs.services.AlfrescoHelperTest]
01:11:16.262 [main] DEBUG o.s.t.annotation.ProfileValueUtils - Retrieved ProfileValueSource type [class org.springframework.test.annotation.SystemProfileValueSource] for class [com.mwl.docs.services.AlfrescoHelperTest]
01:11:16.284 [main] DEBUG o.s.t.annotation.ProfileValueUtils - Retrieved @ProfileValueSourceConfiguration [null] for test class [com.mwl.docs.services.AlfrescoHelperTest]
01:11:16.285 [main] DEBUG o.s.t.annotation.ProfileValueUtils - Retrieved ProfileValueSource type [class org.springframework.test.annotation.SystemProfileValueSource] for class [com.mwl.docs.services.AlfrescoHelperTest]
]]></system-out>
    <system-err><![CDATA[SLF4J: Class path contains multiple SLF4J bindings.
SLF4J: Found binding in [jar:file:/C:/Users/394092/.m2/repository/ch/qos/logback/logback-classic/1.1.2/logback-classic-1.1.2.jar!/org/slf4j/impl/StaticLoggerBinder.class]
SLF4J: Found binding in [jar:file:/C:/Users/394092/.m2/repository/org/slf4j/slf4j-log4j12/1.7.5/slf4j-log4j12-1.7.5.jar!/org/slf4j/impl/StaticLoggerBinder.class]
SLF4J: Found binding in [jar:file:/C:/Users/394092/.m2/repository/org/slf4j/slf4j-simple/1.7.5/slf4j-simple-1.7.5.jar!/org/slf4j/impl/StaticLoggerBinder.class]
SLF4J: See http://www.slf4j.org/codes.html#multiple_bindings for an explanation.
SLF4J: Actual binding is of type [ch.qos.logback.classic.util.ContextSelectorStaticBinder]
]]></system-err>
  </testcase>
  <testcase name="createGroup" classname="com.mwl.docs.services.AlfrescoHelperTest" time="0">
    <skipped/>
  </testcase>
  <testcase name="getTicket" classname="com.mwl.docs.services.AlfrescoHelperTest" time="25.195"/>
</testsuite>